[1.142s] Invoking command in '/home/qing/ros2_humble/chapt8/chapt8_ws/build/nav2_custom_controller': CMAKE_PREFIX_PATH=/opt/ros/humble CONDA_PROMPT_MODIFIER=(base) /usr/bin/cmake /home/qing/ros2_humble/chapt8/chapt8_ws/src/nav2_custom_controller -DCMAKE_CXX_COMPILER=/usr/bin/g++ -DCMAKE_CXX_FLAGS=-I/usr/include/c++/11 -DCMAKE_SKIP_RPATH=ON -DCMAKE_INSTALL_PREFIX=/home/qing/ros2_humble/chapt8/chapt8_ws/install/nav2_custom_controller
[1.237s] -- The C compiler identification is Clang 14.0.0
[1.291s] -- The CXX compiler identification is GNU 11.4.0
[1.298s] -- Detecting C compiler ABI info
[1.400s] -- Detecting C compiler ABI info - done
[1.408s] -- Check for working C compiler: /usr/bin/cc - skipped
[1.408s] -- Detecting C compile features
[1.408s] -- Detecting C compile features - done
[1.412s] -- Detecting CXX compiler ABI info
[1.491s] -- Detecting CXX compiler ABI info - done
[1.499s] -- Check for working CXX compiler: /usr/bin/g++ - skipped
[1.499s] -- Detecting CXX compile features
[1.499s] -- Detecting CXX compile features - done
[1.502s] -- Found ament_cmake: 1.3.11 (/opt/ros/humble/share/ament_cmake/cmake)
[2.246s] -- Found Python3: /home/qing/ä¸‹è½½/enter/bin/python3 (found version "3.10.14") found components: Interpreter 
[2.332s] -- Found nav2_core: 1.1.18 (/opt/ros/humble/share/nav2_core/cmake)
[2.372s] -- Found rosidl_generator_c: 3.1.6 (/opt/ros/humble/share/rosidl_generator_c/cmake)
[2.377s] -- Found rosidl_adapter: 3.1.6 (/opt/ros/humble/share/rosidl_adapter/cmake)
[2.384s] -- Found rosidl_generator_cpp: 3.1.6 (/opt/ros/humble/share/rosidl_generator_cpp/cmake)
[2.394s] -- Using all available rosidl_typesupport_c: rosidl_typesupport_fastrtps_c;rosidl_typesupport_introspection_c
[2.410s] -- Using all available rosidl_typesupport_cpp: rosidl_typesupport_fastrtps_cpp;rosidl_typesupport_introspection_cpp
[2.453s] -- Found rmw_implementation_cmake: 6.1.2 (/opt/ros/humble/share/rmw_implementation_cmake/cmake)
[2.455s] -- Found rmw_fastrtps_cpp: 6.2.7 (/opt/ros/humble/share/rmw_fastrtps_cpp/cmake)
[2.549s] -- Found OpenSSL: /usr/lib/x86_64-linux-gnu/libcrypto.so (found version "3.0.2")  
[2.584s] -- Found FastRTPS: /opt/ros/humble/include  
[2.631s] -- Using RMW implementation 'rmw_fastrtps_cpp' as default
[2.644s] -- Looking for pthread.h
[2.760s] -- Looking for pthread.h - found
[2.760s] -- Performing Test CMAKE_HAVE_LIBC_PTHREAD
[2.861s] -- Performing Test CMAKE_HAVE_LIBC_PTHREAD - Success
[2.862s] -- Found Threads: TRUE  
[3.208s] -- Found Eigen3: TRUE (found version "3.4.0") 
[3.208s] -- Ensuring Eigen3 include directory is part of orocos-kdl CMake target
[3.327s] -- Found ament_lint_auto: 0.12.11 (/opt/ros/humble/share/ament_lint_auto/cmake)
[3.480s] -- Added test 'cppcheck' to perform static code analysis on C / C++ code
[3.480s] -- Configured cppcheck include dirs: /home/qing/ros2_humble/chapt8/chapt8_ws/src/nav2_custom_controller/include
[3.480s] -- Configured cppcheck exclude dirs and/or files: 
[3.481s] -- Added test 'lint_cmake' to check CMake code style
[3.483s] -- Added test 'uncrustify' to check C / C++ code style
[3.484s] -- Configured uncrustify additional arguments: 
[3.484s] -- Added test 'xmllint' to check XML markup files
[3.486s] -- Configuring done
[3.602s] -- Generating done
[3.613s] -- Build files have been written to: /home/qing/ros2_humble/chapt8/chapt8_ws/build/nav2_custom_controller
[3.639s] Invoked command in '/home/qing/ros2_humble/chapt8/chapt8_ws/build/nav2_custom_controller' returned '0': CMAKE_PREFIX_PATH=/opt/ros/humble CONDA_PROMPT_MODIFIER=(base) /usr/bin/cmake /home/qing/ros2_humble/chapt8/chapt8_ws/src/nav2_custom_controller -DCMAKE_CXX_COMPILER=/usr/bin/g++ -DCMAKE_CXX_FLAGS=-I/usr/include/c++/11 -DCMAKE_SKIP_RPATH=ON -DCMAKE_INSTALL_PREFIX=/home/qing/ros2_humble/chapt8/chapt8_ws/install/nav2_custom_controller
[3.640s] Invoking command in '/home/qing/ros2_humble/chapt8/chapt8_ws/build/nav2_custom_controller': CMAKE_PREFIX_PATH=/opt/ros/humble CONDA_PROMPT_MODIFIER=(base) /usr/bin/cmake --build /home/qing/ros2_humble/chapt8/chapt8_ws/build/nav2_custom_controller -- -j16 -l16
[3.698s] [ 50%] [32mBuilding CXX object CMakeFiles/nav2_custom_controller_plugin.dir/src/custom_controller.cpp.o[0m
[117.615s] gmake[2]: *** [CMakeFiles/nav2_custom_controller_plugin.dir/build.make:76: CMakeFiles/nav2_custom_controller_plugin.dir/src/custom_controller.cpp.o] ä¸­æ–­
[117.616s] gmake[1]: *** [CMakeFiles/Makefile2:137: CMakeFiles/nav2_custom_controller_plugin.dir/all] ä¸­æ–­
[117.616s] gmake: *** [Makefile:146: all] ä¸­æ–­
